<?xml version="1.0" encoding="UTF-8"?>
<!-- Generated by org.testng.reporters.JUnitReportReporter -->
<testsuite skipped="0" hostname="LAPTOP-IQ9CNLI6" name="Mastersanity.Browser.HomePage" tests="1" failures="0" timestamp="2020-05-23T14:50:14 IST" time="27.003" errors="0">
  <testcase name="basePageNavigation" time="27.003" classname="Mastersanity.Browser.HomePage"/>
  <system-out/>
</testsuite> <!-- Mastersanity.Browser.HomePage -->
